{"F:\\Ecom\\config\\db.config.js": {"path":"F:\\Ecom\\config\\db.config.js","statementMap":{"0":{"start":{"line":1,"column":0},"end":{"line":13,"column":5}}},"fnMap":{},"branchMap":{},"s":{"0":1},"f":{},"b":{},"_coverageSchema":"1a1c01bbd47fc00a2c39e90264f33305004495a9","hash":"59d1e6a03523092f1c9e189790ace9fa3646b3a1"}
,"F:\\Ecom\\controllers\\products.controller.js": {"path":"F:\\Ecom\\controllers\\products.controller.js","statementMap":{"0":{"start":{"line":1,"column":21},"end":{"line":1,"column":41}},"1":{"start":{"line":2,"column":9},"end":{"line":2,"column":29}},"2":{"start":{"line":3,"column":14},"end":{"line":3,"column":24}},"3":{"start":{"line":4,"column":15},"end":{"line":4,"column":26}},"4":{"start":{"line":6,"column":0},"end":{"line":30,"column":1}},"5":{"start":{"line":7,"column":14},"end":{"line":7,"column":25}},"6":{"start":{"line":8,"column":4},"end":{"line":12,"column":5}},"7":{"start":{"line":10,"column":8},"end":{"line":10,"column":61}},"8":{"start":{"line":11,"column":8},"end":{"line":11,"column":14}},"9":{"start":{"line":13,"column":45},"end":{"line":13,"column":53}},"10":{"start":{"line":15,"column":18},"end":{"line":20,"column":5}},"11":{"start":{"line":21,"column":4},"end":{"line":29,"column":5}},"12":{"start":{"line":22,"column":10},"end":{"line":22,"column":39}},"13":{"start":{"line":23,"column":8},"end":{"line":23,"column":31}},"14":{"start":{"line":28,"column":8},"end":{"line":28,"column":66}},"15":{"start":{"line":31,"column":0},"end":{"line":89,"column":1}},"16":{"start":{"line":32,"column":4},"end":{"line":32,"column":26}},"17":{"start":{"line":34,"column":24},"end":{"line":34,"column":28}},"18":{"start":{"line":35,"column":4},"end":{"line":83,"column":5}},"19":{"start":{"line":37,"column":8},"end":{"line":41,"column":10}},"20":{"start":{"line":43,"column":9},"end":{"line":83,"column":5}},"21":{"start":{"line":44,"column":8},"end":{"line":50,"column":10}},"22":{"start":{"line":53,"column":9},"end":{"line":83,"column":5}},"23":{"start":{"line":54,"column":8},"end":{"line":60,"column":10}},"24":{"start":{"line":63,"column":9},"end":{"line":83,"column":5}},"25":{"start":{"line":64,"column":8},"end":{"line":78,"column":10}},"26":{"start":{"line":82,"column":8},"end":{"line":82,"column":41}},"27":{"start":{"line":84,"column":4},"end":{"line":88,"column":6}},"28":{"start":{"line":85,"column":8},"end":{"line":85,"column":19}},"29":{"start":{"line":87,"column":8},"end":{"line":87,"column":65}},"30":{"start":{"line":90,"column":0},"end":{"line":105,"column":1}},"31":{"start":{"line":91,"column":14},"end":{"line":91,"column":27}},"32":{"start":{"line":92,"column":4},"end":{"line":104,"column":4}},"33":{"start":{"line":93,"column":11},"end":{"line":93,"column":38}},"34":{"start":{"line":94,"column":8},"end":{"line":97,"column":9}},"35":{"start":{"line":96,"column":12},"end":{"line":96,"column":77}},"36":{"start":{"line":98,"column":8},"end":{"line":98,"column":33}},"37":{"start":{"line":102,"column":8},"end":{"line":102,"column":39}},"38":{"start":{"line":103,"column":8},"end":{"line":103,"column":65}},"39":{"start":{"line":106,"column":0},"end":{"line":139,"column":1}},"40":{"start":{"line":107,"column":14},"end":{"line":107,"column":25}},"41":{"start":{"line":108,"column":4},"end":{"line":112,"column":5}},"42":{"start":{"line":110,"column":8},"end":{"line":110,"column":61}},"43":{"start":{"line":111,"column":8},"end":{"line":111,"column":14}},"44":{"start":{"line":113,"column":16},"end":{"line":113,"column":29}},"45":{"start":{"line":114,"column":44},"end":{"line":114,"column":52}},"46":{"start":{"line":115,"column":19},"end":{"line":115,"column":21}},"47":{"start":{"line":116,"column":4},"end":{"line":119,"column":5}},"48":{"start":{"line":118,"column":8},"end":{"line":118,"column":27}},"49":{"start":{"line":120,"column":4},"end":{"line":123,"column":5}},"50":{"start":{"line":122,"column":8},"end":{"line":122,"column":41}},"51":{"start":{"line":124,"column":4},"end":{"line":127,"column":5}},"52":{"start":{"line":126,"column":8},"end":{"line":126,"column":26}},"53":{"start":{"line":128,"column":4},"end":{"line":131,"column":5}},"54":{"start":{"line":130,"column":8},"end":{"line":130,"column":38}},"55":{"start":{"line":132,"column":4},"end":{"line":138,"column":6}},"56":{"start":{"line":135,"column":8},"end":{"line":135,"column":44}},"57":{"start":{"line":137,"column":8},"end":{"line":137,"column":65}},"58":{"start":{"line":140,"column":0},"end":{"line":152,"column":1}},"59":{"start":{"line":141,"column":14},"end":{"line":141,"column":25}},"60":{"start":{"line":142,"column":4},"end":{"line":146,"column":5}},"61":{"start":{"line":144,"column":8},"end":{"line":144,"column":61}},"62":{"start":{"line":145,"column":8},"end":{"line":145,"column":14}},"63":{"start":{"line":147,"column":4},"end":{"line":151,"column":6}},"64":{"start":{"line":148,"column":8},"end":{"line":148,"column":62}},"65":{"start":{"line":150,"column":8},"end":{"line":150,"column":52}},"66":{"start":{"line":153,"column":0},"end":{"line":164,"column":5}},"67":{"start":{"line":154,"column":21},"end":{"line":154,"column":42}},"68":{"start":{"line":156,"column":8},"end":{"line":163,"column":10}},"69":{"start":{"line":160,"column":12},"end":{"line":160,"column":25}},"70":{"start":{"line":162,"column":12},"end":{"line":162,"column":56}},"71":{"start":{"line":166,"column":0},"end":{"line":182,"column":5}},"72":{"start":{"line":167,"column":21},"end":{"line":167,"column":42}},"73":{"start":{"line":168,"column":20},"end":{"line":168,"column":40}},"74":{"start":{"line":170,"column":8},"end":{"line":181,"column":10}},"75":{"start":{"line":174,"column":12},"end":{"line":177,"column":13}},"76":{"start":{"line":176,"column":16},"end":{"line":176,"column":123}},"77":{"start":{"line":178,"column":12},"end":{"line":178,"column":25}},"78":{"start":{"line":180,"column":12},"end":{"line":180,"column":56}}},"fnMap":{"0":{"name":"(anonymous_0)","decl":{"start":{"line":6,"column":15},"end":{"line":6,"column":16}},"loc":{"start":{"line":6,"column":31},"end":{"line":30,"column":1}},"line":6},"1":{"name":"(anonymous_1)","decl":{"start":{"line":31,"column":15},"end":{"line":31,"column":16}},"loc":{"start":{"line":32,"column":0},"end":{"line":89,"column":1}},"line":32},"2":{"name":"(anonymous_2)","decl":{"start":{"line":84,"column":25},"end":{"line":84,"column":26}},"loc":{"start":{"line":84,"column":30},"end":{"line":86,"column":5}},"line":84},"3":{"name":"(anonymous_3)","decl":{"start":{"line":86,"column":13},"end":{"line":86,"column":14}},"loc":{"start":{"line":86,"column":20},"end":{"line":88,"column":5}},"line":86},"4":{"name":"(anonymous_4)","decl":{"start":{"line":90,"column":14},"end":{"line":90,"column":15}},"loc":{"start":{"line":90,"column":31},"end":{"line":105,"column":1}},"line":90},"5":{"name":"(anonymous_5)","decl":{"start":{"line":106,"column":15},"end":{"line":106,"column":16}},"loc":{"start":{"line":106,"column":26},"end":{"line":139,"column":1}},"line":106},"6":{"name":"(anonymous_6)","decl":{"start":{"line":134,"column":12},"end":{"line":134,"column":13}},"loc":{"start":{"line":134,"column":17},"end":{"line":136,"column":5}},"line":134},"7":{"name":"(anonymous_7)","decl":{"start":{"line":136,"column":13},"end":{"line":136,"column":14}},"loc":{"start":{"line":136,"column":20},"end":{"line":138,"column":5}},"line":136},"8":{"name":"(anonymous_8)","decl":{"start":{"line":140,"column":18},"end":{"line":140,"column":19}},"loc":{"start":{"line":140,"column":29},"end":{"line":152,"column":1}},"line":140},"9":{"name":"(anonymous_9)","decl":{"start":{"line":147,"column":28},"end":{"line":147,"column":29}},"loc":{"start":{"line":147,"column":32},"end":{"line":149,"column":5}},"line":147},"10":{"name":"(anonymous_10)","decl":{"start":{"line":149,"column":13},"end":{"line":149,"column":14}},"loc":{"start":{"line":149,"column":17},"end":{"line":151,"column":5}},"line":149},"11":{"name":"(anonymous_11)","decl":{"start":{"line":153,"column":33},"end":{"line":153,"column":34}},"loc":{"start":{"line":153,"column":44},"end":{"line":164,"column":5}},"line":153},"12":{"name":"(anonymous_12)","decl":{"start":{"line":158,"column":16},"end":{"line":158,"column":17}},"loc":{"start":{"line":158,"column":23},"end":{"line":161,"column":9}},"line":158},"13":{"name":"(anonymous_13)","decl":{"start":{"line":161,"column":17},"end":{"line":161,"column":18}},"loc":{"start":{"line":161,"column":22},"end":{"line":163,"column":9}},"line":161},"14":{"name":"(anonymous_14)","decl":{"start":{"line":166,"column":30},"end":{"line":166,"column":31}},"loc":{"start":{"line":166,"column":41},"end":{"line":182,"column":5}},"line":166},"15":{"name":"(anonymous_15)","decl":{"start":{"line":173,"column":16},"end":{"line":173,"column":17}},"loc":{"start":{"line":173,"column":23},"end":{"line":179,"column":9}},"line":173},"16":{"name":"(anonymous_16)","decl":{"start":{"line":179,"column":17},"end":{"line":179,"column":18}},"loc":{"start":{"line":179,"column":22},"end":{"line":181,"column":9}},"line":179}},"branchMap":{"0":{"loc":{"start":{"line":8,"column":4},"end":{"line":12,"column":5}},"type":"if","locations":[{"start":{"line":8,"column":4},"end":{"line":12,"column":5}},{"start":{},"end":{}}],"line":8},"1":{"loc":{"start":{"line":28,"column":29},"end":{"line":28,"column":65}},"type":"binary-expr","locations":[{"start":{"line":28,"column":29},"end":{"line":28,"column":40}},{"start":{"line":28,"column":43},"end":{"line":28,"column":65}}],"line":28},"2":{"loc":{"start":{"line":35,"column":4},"end":{"line":83,"column":5}},"type":"if","locations":[{"start":{"line":35,"column":4},"end":{"line":83,"column":5}},{"start":{"line":43,"column":9},"end":{"line":83,"column":5}}],"line":35},"3":{"loc":{"start":{"line":43,"column":9},"end":{"line":83,"column":5}},"type":"if","locations":[{"start":{"line":43,"column":9},"end":{"line":83,"column":5}},{"start":{"line":53,"column":9},"end":{"line":83,"column":5}}],"line":43},"4":{"loc":{"start":{"line":43,"column":12},"end":{"line":43,"column":65}},"type":"binary-expr","locations":[{"start":{"line":43,"column":12},"end":{"line":43,"column":29}},{"start":{"line":43,"column":33},"end":{"line":43,"column":65}}],"line":43},"5":{"loc":{"start":{"line":53,"column":9},"end":{"line":83,"column":5}},"type":"if","locations":[{"start":{"line":53,"column":9},"end":{"line":83,"column":5}},{"start":{"line":63,"column":9},"end":{"line":83,"column":5}}],"line":53},"6":{"loc":{"start":{"line":53,"column":12},"end":{"line":53,"column":65}},"type":"binary-expr","locations":[{"start":{"line":53,"column":12},"end":{"line":53,"column":29}},{"start":{"line":53,"column":33},"end":{"line":53,"column":65}}],"line":53},"7":{"loc":{"start":{"line":63,"column":9},"end":{"line":83,"column":5}},"type":"if","locations":[{"start":{"line":63,"column":9},"end":{"line":83,"column":5}},{"start":{"line":81,"column":8},"end":{"line":83,"column":5}}],"line":63},"8":{"loc":{"start":{"line":87,"column":29},"end":{"line":87,"column":64}},"type":"binary-expr","locations":[{"start":{"line":87,"column":29},"end":{"line":87,"column":40}},{"start":{"line":87,"column":42},"end":{"line":87,"column":64}}],"line":87},"9":{"loc":{"start":{"line":94,"column":8},"end":{"line":97,"column":9}},"type":"if","locations":[{"start":{"line":94,"column":8},"end":{"line":97,"column":9}},{"start":{},"end":{}}],"line":94},"10":{"loc":{"start":{"line":103,"column":29},"end":{"line":103,"column":64}},"type":"binary-expr","locations":[{"start":{"line":103,"column":29},"end":{"line":103,"column":40}},{"start":{"line":103,"column":42},"end":{"line":103,"column":64}}],"line":103},"11":{"loc":{"start":{"line":108,"column":4},"end":{"line":112,"column":5}},"type":"if","locations":[{"start":{"line":108,"column":4},"end":{"line":112,"column":5}},{"start":{},"end":{}}],"line":108},"12":{"loc":{"start":{"line":116,"column":4},"end":{"line":119,"column":5}},"type":"if","locations":[{"start":{"line":116,"column":4},"end":{"line":119,"column":5}},{"start":{},"end":{}}],"line":116},"13":{"loc":{"start":{"line":120,"column":4},"end":{"line":123,"column":5}},"type":"if","locations":[{"start":{"line":120,"column":4},"end":{"line":123,"column":5}},{"start":{},"end":{}}],"line":120},"14":{"loc":{"start":{"line":124,"column":4},"end":{"line":127,"column":5}},"type":"if","locations":[{"start":{"line":124,"column":4},"end":{"line":127,"column":5}},{"start":{},"end":{}}],"line":124},"15":{"loc":{"start":{"line":128,"column":4},"end":{"line":131,"column":5}},"type":"if","locations":[{"start":{"line":128,"column":4},"end":{"line":131,"column":5}},{"start":{},"end":{}}],"line":128},"16":{"loc":{"start":{"line":137,"column":29},"end":{"line":137,"column":64}},"type":"binary-expr","locations":[{"start":{"line":137,"column":29},"end":{"line":137,"column":40}},{"start":{"line":137,"column":42},"end":{"line":137,"column":64}}],"line":137},"17":{"loc":{"start":{"line":142,"column":4},"end":{"line":146,"column":5}},"type":"if","locations":[{"start":{"line":142,"column":4},"end":{"line":146,"column":5}},{"start":{},"end":{}}],"line":142},"18":{"loc":{"start":{"line":174,"column":12},"end":{"line":177,"column":13}},"type":"if","locations":[{"start":{"line":174,"column":12},"end":{"line":177,"column":13}},{"start":{},"end":{}}],"line":174}},"s":{"0":1,"1":1,"2":1,"3":1,"4":1,"5":3,"6":3,"7":1,"8":1,"9":2,"10":2,"11":2,"12":2,"13":1,"14":1,"15":1,"16":0,"17":0,"18":0,"19":0,"20":0,"21":0,"22":0,"23":0,"24":0,"25":0,"26":0,"27":0,"28":0,"29":0,"30":1,"31":3,"32":3,"33":3,"34":2,"35":1,"36":2,"37":1,"38":1,"39":1,"40":0,"41":0,"42":0,"43":0,"44":0,"45":0,"46":0,"47":0,"48":0,"49":0,"50":0,"51":0,"52":0,"53":0,"54":0,"55":0,"56":0,"57":0,"58":1,"59":0,"60":0,"61":0,"62":0,"63":0,"64":0,"65":0,"66":1,"67":0,"68":0,"69":0,"70":0,"71":1,"72":0,"73":0,"74":0,"75":0,"76":0,"77":0,"78":0},"f":{"0":3,"1":0,"2":0,"3":0,"4":3,"5":0,"6":0,"7":0,"8":0,"9":0,"10":0,"11":0,"12":0,"13":0,"14":0,"15":0,"16":0},"b":{"0":[1,2],"1":[1,0],"2":[0,0],"3":[0,0],"4":[0,0],"5":[0,0],"6":[0,0],"7":[0,0],"8":[0,0],"9":[1,1],"10":[1,0],"11":[0,0],"12":[0,0],"13":[0,0],"14":[0,0],"15":[0,0],"16":[0,0],"17":[0,0],"18":[0,0]},"_coverageSchema":"1a1c01bbd47fc00a2c39e90264f33305004495a9","hash":"c778924663e441c70126b51151f0ed879d27ff1c"}
,"F:\\Ecom\\models\\cart.model.js": {"path":"F:\\Ecom\\models\\cart.model.js","statementMap":{"0":{"start":{"line":1,"column":0},"end":{"line":14,"column":1}},"1":{"start":{"line":3,"column":13},"end":{"line":12,"column":6}},"2":{"start":{"line":13,"column":4},"end":{"line":13,"column":15}}},"fnMap":{"0":{"name":"(anonymous_0)","decl":{"start":{"line":1,"column":15},"end":{"line":1,"column":16}},"loc":{"start":{"line":2,"column":0},"end":{"line":14,"column":1}},"line":2}},"branchMap":{},"s":{"0":1,"1":1,"2":1},"f":{"0":1},"b":{},"_coverageSchema":"1a1c01bbd47fc00a2c39e90264f33305004495a9","hash":"145e60de32ff396acd28ed20670db16d96e8d739"}
,"F:\\Ecom\\models\\category.model.js": {"path":"F:\\Ecom\\models\\category.model.js","statementMap":{"0":{"start":{"line":1,"column":21},"end":{"line":1,"column":33}},"1":{"start":{"line":3,"column":0},"end":{"line":22,"column":1}},"2":{"start":{"line":4,"column":19},"end":{"line":20,"column":9}},"3":{"start":{"line":21,"column":8},"end":{"line":21,"column":24}}},"fnMap":{"0":{"name":"(anonymous_0)","decl":{"start":{"line":3,"column":15},"end":{"line":3,"column":16}},"loc":{"start":{"line":3,"column":38},"end":{"line":22,"column":1}},"line":3}},"branchMap":{},"s":{"0":1,"1":1,"2":1,"3":1},"f":{"0":1},"b":{},"_coverageSchema":"1a1c01bbd47fc00a2c39e90264f33305004495a9","hash":"35cd3305ca2f7198ae6d8e1669ac6e6be3cc17b7"}
,"F:\\Ecom\\models\\index.js": {"path":"F:\\Ecom\\models\\index.js","statementMap":{"0":{"start":{"line":1,"column":13},"end":{"line":1,"column":43}},"1":{"start":{"line":2,"column":20},"end":{"line":2,"column":40}},"2":{"start":{"line":4,"column":16},"end":{"line":18,"column":6}},"3":{"start":{"line":19,"column":9},"end":{"line":19,"column":11}},"4":{"start":{"line":20,"column":0},"end":{"line":20,"column":23}},"5":{"start":{"line":21,"column":0},"end":{"line":21,"column":23}},"6":{"start":{"line":22,"column":0},"end":{"line":22,"column":60}},"7":{"start":{"line":23,"column":0},"end":{"line":23,"column":59}},"8":{"start":{"line":24,"column":0},"end":{"line":24,"column":52}},"9":{"start":{"line":25,"column":0},"end":{"line":25,"column":52}},"10":{"start":{"line":26,"column":0},"end":{"line":26,"column":52}},"11":{"start":{"line":30,"column":0},"end":{"line":30,"column":32}},"12":{"start":{"line":31,"column":0},"end":{"line":31,"column":34}},"13":{"start":{"line":32,"column":0},"end":{"line":36,"column":2}},"14":{"start":{"line":37,"column":0},"end":{"line":42,"column":2}},"15":{"start":{"line":43,"column":0},"end":{"line":43,"column":23}},"16":{"start":{"line":44,"column":0},"end":{"line":44,"column":26}},"17":{"start":{"line":46,"column":0},"end":{"line":51,"column":2}},"18":{"start":{"line":53,"column":0},"end":{"line":58,"column":2}},"19":{"start":{"line":62,"column":0},"end":{"line":62,"column":26}},"20":{"start":{"line":64,"column":0},"end":{"line":64,"column":18}}},"fnMap":{},"branchMap":{},"s":{"0":1,"1":1,"2":1,"3":1,"4":1,"5":1,"6":1,"7":1,"8":1,"9":1,"10":1,"11":1,"12":1,"13":1,"14":1,"15":1,"16":1,"17":1,"18":1,"19":1,"20":1},"f":{},"b":{},"_coverageSchema":"1a1c01bbd47fc00a2c39e90264f33305004495a9","hash":"6c9651b4b62d99c4af1eff04075697ff5c76e6d1"}
,"F:\\Ecom\\models\\products.model.js": {"path":"F:\\Ecom\\models\\products.model.js","statementMap":{"0":{"start":{"line":1,"column":0},"end":{"line":25,"column":1}},"1":{"start":{"line":2,"column":18},"end":{"line":23,"column":6}},"2":{"start":{"line":24,"column":4},"end":{"line":24,"column":18}}},"fnMap":{"0":{"name":"(anonymous_0)","decl":{"start":{"line":1,"column":15},"end":{"line":1,"column":16}},"loc":{"start":{"line":1,"column":38},"end":{"line":25,"column":1}},"line":1}},"branchMap":{},"s":{"0":1,"1":1,"2":1},"f":{"0":1},"b":{},"_coverageSchema":"1a1c01bbd47fc00a2c39e90264f33305004495a9","hash":"df650d5b1078829e365f29f338179dbb01827460"}
,"F:\\Ecom\\models\\role.model.js": {"path":"F:\\Ecom\\models\\role.model.js","statementMap":{"0":{"start":{"line":1,"column":0},"end":{"line":14,"column":1}},"1":{"start":{"line":2,"column":15},"end":{"line":12,"column":6}},"2":{"start":{"line":13,"column":4},"end":{"line":13,"column":15}}},"fnMap":{"0":{"name":"(anonymous_0)","decl":{"start":{"line":1,"column":15},"end":{"line":1,"column":16}},"loc":{"start":{"line":1,"column":38},"end":{"line":14,"column":1}},"line":1}},"branchMap":{},"s":{"0":1,"1":1,"2":1},"f":{"0":1},"b":{},"_coverageSchema":"1a1c01bbd47fc00a2c39e90264f33305004495a9","hash":"93decedd52c51d8d4e5aa6e78c424f79f252a28d"}
,"F:\\Ecom\\models\\user.model.js": {"path":"F:\\Ecom\\models\\user.model.js","statementMap":{"0":{"start":{"line":1,"column":0},"end":{"line":23,"column":1}},"1":{"start":{"line":3,"column":15},"end":{"line":21,"column":6}},"2":{"start":{"line":22,"column":4},"end":{"line":22,"column":15}}},"fnMap":{"0":{"name":"(anonymous_0)","decl":{"start":{"line":1,"column":15},"end":{"line":1,"column":16}},"loc":{"start":{"line":2,"column":0},"end":{"line":23,"column":1}},"line":2}},"branchMap":{},"s":{"0":1,"1":1,"2":1},"f":{"0":1},"b":{},"_coverageSchema":"1a1c01bbd47fc00a2c39e90264f33305004495a9","hash":"7b10adcfe041e22e3b1aa3669a934bcbc86e38d3"}
,"F:\\Ecom\\test\\interceptors.js": {"path":"F:\\Ecom\\test\\interceptors.js","statementMap":{"0":{"start":{"line":2,"column":11},"end":{"line":19,"column":1}},"1":{"start":{"line":4,"column":18},"end":{"line":4,"column":20}},"2":{"start":{"line":5,"column":8},"end":{"line":5,"column":47}},"3":{"start":{"line":6,"column":8},"end":{"line":6,"column":48}},"4":{"start":{"line":7,"column":8},"end":{"line":7,"column":48}},"5":{"start":{"line":8,"column":8},"end":{"line":8,"column":49}},"6":{"start":{"line":9,"column":8},"end":{"line":9,"column":18}},"7":{"start":{"line":12,"column":18},"end":{"line":12,"column":20}},"8":{"start":{"line":13,"column":8},"end":{"line":13,"column":49}},"9":{"start":{"line":14,"column":8},"end":{"line":14,"column":47}},"10":{"start":{"line":15,"column":8},"end":{"line":15,"column":47}},"11":{"start":{"line":16,"column":8},"end":{"line":16,"column":18}},"12":{"start":{"line":21,"column":0},"end":{"line":21,"column":20}}},"fnMap":{"0":{"name":"(anonymous_0)","decl":{"start":{"line":3,"column":12},"end":{"line":3,"column":13}},"loc":{"start":{"line":3,"column":16},"end":{"line":10,"column":5}},"line":3},"1":{"name":"(anonymous_1)","decl":{"start":{"line":11,"column":12},"end":{"line":11,"column":13}},"loc":{"start":{"line":11,"column":16},"end":{"line":18,"column":5}},"line":11}},"branchMap":{},"s":{"0":1,"1":1,"2":1,"3":1,"4":1,"5":1,"6":1,"7":1,"8":1,"9":1,"10":1,"11":1,"12":1},"f":{"0":1,"1":1},"b":{},"_coverageSchema":"1a1c01bbd47fc00a2c39e90264f33305004495a9","hash":"9db4e385e7c2769cdd67d5149690e7defcb677be"}
}
